2026-05-13 09:00:01 UTC [INFO]  Starting build: ubuntu-server-amd64 (plucky)
2026-05-13 09:00:02 UTC [INFO]  Fetching base image: ubuntu:plucky
2026-05-13 09:00:05 UTC [INFO]  Running apt-get update
Get:1 http://archive.ubuntu.com/ubuntu plucky InRelease [265 kB]
Get:2 http://archive.ubuntu.com/ubuntu plucky-updates InRelease [57.8 kB]
Get:3 http://archive.ubuntu.com/ubuntu plucky-security InRelease [57.8 kB]
Fetched 380 kB in 2s (190 kB/s)
Reading package lists... Done
2026-05-13 09:00:08 UTC [INFO]  Installing build dependencies
Reading package lists... Done
Building dependency tree... Done
Reading state information... Done
The following packages have unmet dependencies:
 ubuntu-server : Depends: libsystemd-dev (>= 253) but 252.5-1ubuntu3 is to be installed
                 Depends: libnetplan-dev (>= 1.1) but it is not going to be installed
E: Unable to correct problems, you have held broken packages.
2026-05-13 09:00:12 UTC [ERROR] apt-get install failed (exit code 100)
2026-05-13 09:00:12 UTC [INFO]  Attempting fallback: pinning libsystemd-dev
dpkg: error processing archive /var/cache/apt/archives/libsystemd-dev_253.1-1ubuntu1_amd64.deb (--unpack):
 trying to overwrite '/usr/include/systemd/sd-bus.h', which is also in package libsystemd-dev:amd64 252.5-1ubuntu3
dpkg-deb: error: paste subprocess was killed by signal (Broken pipe)
Errors were encountered while processing:
 /var/cache/apt/archives/libsystemd-dev_253.1-1ubuntu1_amd64.deb
E: Sub-process /usr/bin/dpkg returned an error code (1)
2026-05-13 09:00:18 UTC [ERROR] Fallback install failed (exit code 1)
2026-05-13 09:00:18 UTC [INFO]  Running cleanup hooks
2026-05-13 09:00:19 UTC [INFO]  Unmounting overlayfs
2026-05-13 09:00:19 UTC [FATAL] Build failed: dependency resolution error — libsystemd-dev version conflict
2026-05-13 09:00:19 UTC [INFO]  Build duration: 18s
2026-05-13 09:00:19 UTC [INFO]  Exit status: FAILED
